{"/home/lasithae/Project-Repos/git/nodejs-training/UnitTestingDemo-2/routes/index.js":{"path":"/home/lasithae/Project-Repos/git/nodejs-training/UnitTestingDemo-2/routes/index.js","s":{"1":1,"2":1,"3":1,"4":1,"5":1},"b":{},"f":{"1":1},"fnMap":{"1":{"name":"(anonymous_1)","line":5,"loc":{"start":{"line":5,"column":16},"end":{"line":5,"column":41}}}},"statementMap":{"1":{"start":{"line":1,"column":0},"end":{"line":1,"column":33}},"2":{"start":{"line":2,"column":0},"end":{"line":2,"column":30}},"3":{"start":{"line":5,"column":0},"end":{"line":7,"column":3}},"4":{"start":{"line":6,"column":2},"end":{"line":6,"column":44}},"5":{"start":{"line":9,"column":0},"end":{"line":9,"column":24}}},"branchMap":{}},"/home/lasithae/Project-Repos/git/nodejs-training/UnitTestingDemo-2/routes/student.js":{"path":"/home/lasithae/Project-Repos/git/nodejs-training/UnitTestingDemo-2/routes/student.js","s":{"1":1,"2":1,"3":1,"4":1,"5":1,"6":1,"7":1,"8":1},"b":{},"f":{},"fnMap":{},"statementMap":{"1":{"start":{"line":1,"column":0},"end":{"line":1,"column":33}},"2":{"start":{"line":2,"column":0},"end":{"line":2,"column":68}},"3":{"start":{"line":3,"column":0},"end":{"line":3,"column":30}},"4":{"start":{"line":5,"column":0},"end":{"line":5,"column":49}},"5":{"start":{"line":6,"column":0},"end":{"line":6,"column":57}},"6":{"start":{"line":7,"column":0},"end":{"line":7,"column":55}},"7":{"start":{"line":8,"column":0},"end":{"line":8,"column":64}},"8":{"start":{"line":11,"column":0},"end":{"line":11,"column":24}}},"branchMap":{}},"/home/lasithae/Project-Repos/git/nodejs-training/UnitTestingDemo-2/controllers/studentController.js":{"path":"/home/lasithae/Project-Repos/git/nodejs-training/UnitTestingDemo-2/controllers/studentController.js","s":{"1":1,"2":1,"3":0,"4":0,"5":0,"6":0,"7":1,"8":0,"9":0,"10":0,"11":0,"12":1,"13":1,"14":1,"15":0,"16":1,"17":1,"18":0,"19":0,"20":0,"21":0},"b":{"1":[0,0],"2":[0,0],"3":[0,1],"4":[0,0]},"f":{"1":0,"2":0,"3":0,"4":0,"5":1,"6":1,"7":0,"8":0},"fnMap":{"1":{"name":"(anonymous_1)","line":3,"loc":{"start":{"line":3,"column":24},"end":{"line":3,"column":53}}},"2":{"name":"(anonymous_2)","line":6,"loc":{"start":{"line":6,"column":44},"end":{"line":6,"column":61}}},"3":{"name":"(anonymous_3)","line":15,"loc":{"start":{"line":15,"column":28},"end":{"line":15,"column":57}}},"4":{"name":"(anonymous_4)","line":18,"loc":{"start":{"line":18,"column":44},"end":{"line":18,"column":61}}},"5":{"name":"(anonymous_5)","line":27,"loc":{"start":{"line":27,"column":27},"end":{"line":27,"column":56}}},"6":{"name":"(anonymous_6)","line":30,"loc":{"start":{"line":30,"column":44},"end":{"line":30,"column":61}}},"7":{"name":"(anonymous_7)","line":39,"loc":{"start":{"line":39,"column":31},"end":{"line":39,"column":60}}},"8":{"name":"(anonymous_8)","line":42,"loc":{"start":{"line":42,"column":44},"end":{"line":42,"column":61}}}},"statementMap":{"1":{"start":{"line":1,"column":0},"end":{"line":1,"column":59}},"2":{"start":{"line":3,"column":0},"end":{"line":13,"column":1}},"3":{"start":{"line":6,"column":1},"end":{"line":12,"column":4}},"4":{"start":{"line":7,"column":2},"end":{"line":11,"column":3}},"5":{"start":{"line":8,"column":3},"end":{"line":8,"column":74}},"6":{"start":{"line":10,"column":3},"end":{"line":10,"column":60}},"7":{"start":{"line":15,"column":0},"end":{"line":25,"column":1}},"8":{"start":{"line":18,"column":1},"end":{"line":24,"column":4}},"9":{"start":{"line":19,"column":2},"end":{"line":23,"column":3}},"10":{"start":{"line":20,"column":3},"end":{"line":20,"column":74}},"11":{"start":{"line":22,"column":3},"end":{"line":22,"column":46}},"12":{"start":{"line":27,"column":0},"end":{"line":37,"column":1}},"13":{"start":{"line":30,"column":1},"end":{"line":36,"column":4}},"14":{"start":{"line":31,"column":2},"end":{"line":35,"column":3}},"15":{"start":{"line":32,"column":3},"end":{"line":32,"column":74}},"16":{"start":{"line":34,"column":3},"end":{"line":34,"column":44}},"17":{"start":{"line":39,"column":0},"end":{"line":49,"column":1}},"18":{"start":{"line":42,"column":1},"end":{"line":48,"column":4}},"19":{"start":{"line":43,"column":2},"end":{"line":47,"column":3}},"20":{"start":{"line":44,"column":3},"end":{"line":44,"column":74}},"21":{"start":{"line":46,"column":3},"end":{"line":46,"column":52}}},"branchMap":{"1":{"line":7,"type":"if","locations":[{"start":{"line":7,"column":2},"end":{"line":7,"column":2}},{"start":{"line":7,"column":2},"end":{"line":7,"column":2}}]},"2":{"line":19,"type":"if","locations":[{"start":{"line":19,"column":2},"end":{"line":19,"column":2}},{"start":{"line":19,"column":2},"end":{"line":19,"column":2}}]},"3":{"line":31,"type":"if","locations":[{"start":{"line":31,"column":2},"end":{"line":31,"column":2}},{"start":{"line":31,"column":2},"end":{"line":31,"column":2}}]},"4":{"line":43,"type":"if","locations":[{"start":{"line":43,"column":2},"end":{"line":43,"column":2}},{"start":{"line":43,"column":2},"end":{"line":43,"column":2}}]}}},"/home/lasithae/Project-Repos/git/nodejs-training/UnitTestingDemo-2/services/studentService.js":{"path":"/home/lasithae/Project-Repos/git/nodejs-training/UnitTestingDemo-2/services/studentService.js","s":{"1":1,"2":1,"3":1,"4":1,"5":3,"6":1,"7":1},"b":{"1":[1,2]},"f":{"1":1},"fnMap":{"1":{"name":"(anonymous_1)","line":24,"loc":{"start":{"line":24,"column":24},"end":{"line":24,"column":48}}}},"statementMap":{"1":{"start":{"line":1,"column":0},"end":{"line":22,"column":2}},"2":{"start":{"line":24,"column":0},"end":{"line":37,"column":1}},"3":{"start":{"line":25,"column":1},"end":{"line":25,"column":21}},"4":{"start":{"line":29,"column":1},"end":{"line":35,"column":3}},"5":{"start":{"line":31,"column":2},"end":{"line":34,"column":3}},"6":{"start":{"line":33,"column":3},"end":{"line":33,"column":38}},"7":{"start":{"line":36,"column":2},"end":{"line":36,"column":28}}},"branchMap":{"1":{"line":31,"type":"if","locations":[{"start":{"line":31,"column":2},"end":{"line":31,"column":2}},{"start":{"line":31,"column":2},"end":{"line":31,"column":2}}]}}}}