TN:
SF:/home/lasithae/Project-Repos/git/nodejs-training/UnitTestingDemo-2/routes/index.js
FN:5,(anonymous_1)
FNF:1
FNH:1
FNDA:1,(anonymous_1)
DA:1,1
DA:2,1
DA:5,1
DA:6,1
DA:9,1
LF:5
LH:5
BRF:0
BRH:0
end_of_record
TN:
SF:/home/lasithae/Project-Repos/git/nodejs-training/UnitTestingDemo-2/routes/student.js
FNF:0
FNH:0
DA:1,1
DA:2,1
DA:3,1
DA:5,1
DA:6,1
DA:7,1
DA:8,1
DA:11,1
LF:8
LH:8
BRF:0
BRH:0
end_of_record
TN:
SF:/home/lasithae/Project-Repos/git/nodejs-training/UnitTestingDemo-2/controllers/studentController.js
FN:3,(anonymous_1)
FN:6,(anonymous_2)
FN:15,(anonymous_3)
FN:18,(anonymous_4)
FN:27,(anonymous_5)
FN:30,(anonymous_6)
FN:39,(anonymous_7)
FN:42,(anonymous_8)
FNF:8
FNH:2
FNDA:0,(anonymous_1)
FNDA:0,(anonymous_2)
FNDA:0,(anonymous_3)
FNDA:0,(anonymous_4)
FNDA:1,(anonymous_5)
FNDA:1,(anonymous_6)
FNDA:0,(anonymous_7)
FNDA:0,(anonymous_8)
DA:1,1
DA:3,1
DA:6,0
DA:7,0
DA:8,0
DA:10,0
DA:15,1
DA:18,0
DA:19,0
DA:20,0
DA:22,0
DA:27,1
DA:30,1
DA:31,1
DA:32,0
DA:34,1
DA:39,1
DA:42,0
DA:43,0
DA:44,0
DA:46,0
LF:21
LH:8
BRDA:7,1,0,0
BRDA:7,1,1,0
BRDA:19,2,0,0
BRDA:19,2,1,0
BRDA:31,3,0,0
BRDA:31,3,1,1
BRDA:43,4,0,0
BRDA:43,4,1,0
BRF:8
BRH:1
end_of_record
TN:
SF:/home/lasithae/Project-Repos/git/nodejs-training/UnitTestingDemo-2/services/studentService.js
FN:24,(anonymous_1)
FNF:1
FNH:1
FNDA:1,(anonymous_1)
DA:1,1
DA:24,1
DA:25,1
DA:29,1
DA:31,3
DA:33,1
DA:36,1
LF:7
LH:7
BRDA:31,1,0,1
BRDA:31,1,1,2
BRF:2
BRH:2
end_of_record
