{"/home/lasithae/Project-Repos/git/nodejs-training/UnitTestingDemo/test/indexRouteTest.js":{"path":"/home/lasithae/Project-Repos/git/nodejs-training/UnitTestingDemo/test/indexRouteTest.js","s":{"1":1,"2":1,"3":1,"4":1,"5":1,"6":1,"7":1,"8":1,"9":1,"10":0,"11":0,"12":0,"13":0,"14":0,"15":0,"16":0,"17":0,"18":0,"19":0,"20":0},"b":{"1":[0,0],"2":[0,0]},"f":{"1":0,"2":0,"3":0,"4":0,"5":0,"6":0},"fnMap":{"1":{"name":"(anonymous_1)","line":18,"loc":{"start":{"line":18,"column":92},"end":{"line":18,"column":104}}},"2":{"name":"(anonymous_2)","line":20,"loc":{"start":{"line":20,"column":31},"end":{"line":20,"column":47}}},"3":{"name":"(anonymous_3)","line":25,"loc":{"start":{"line":25,"column":11},"end":{"line":25,"column":29}}},"4":{"name":"(anonymous_4)","line":37,"loc":{"start":{"line":37,"column":97},"end":{"line":37,"column":109}}},"5":{"name":"(anonymous_5)","line":39,"loc":{"start":{"line":39,"column":31},"end":{"line":39,"column":47}}},"6":{"name":"(anonymous_6)","line":44,"loc":{"start":{"line":44,"column":11},"end":{"line":44,"column":29}}}},"statementMap":{"1":{"start":{"line":1,"column":0},"end":{"line":1,"column":35}},"2":{"start":{"line":2,"column":0},"end":{"line":2,"column":33}},"3":{"start":{"line":3,"column":0},"end":{"line":3,"column":27}},"4":{"start":{"line":5,"column":0},"end":{"line":5,"column":40}},"5":{"start":{"line":7,"column":0},"end":{"line":7,"column":20}},"6":{"start":{"line":9,"column":0},"end":{"line":9,"column":21}},"7":{"start":{"line":12,"column":0},"end":{"line":12,"column":51}},"8":{"start":{"line":13,"column":0},"end":{"line":13,"column":31}},"9":{"start":{"line":18,"column":0},"end":{"line":32,"column":2}},"10":{"start":{"line":20,"column":2},"end":{"line":30,"column":4}},"11":{"start":{"line":22,"column":4},"end":{"line":28,"column":8}},"12":{"start":{"line":26,"column":8},"end":{"line":26,"column":33}},"13":{"start":{"line":26,"column":17},"end":{"line":26,"column":33}},"14":{"start":{"line":27,"column":8},"end":{"line":27,"column":14}},"15":{"start":{"line":37,"column":0},"end":{"line":51,"column":2}},"16":{"start":{"line":39,"column":2},"end":{"line":49,"column":4}},"17":{"start":{"line":41,"column":4},"end":{"line":47,"column":8}},"18":{"start":{"line":45,"column":8},"end":{"line":45,"column":33}},"19":{"start":{"line":45,"column":17},"end":{"line":45,"column":33}},"20":{"start":{"line":46,"column":8},"end":{"line":46,"column":14}}},"branchMap":{"1":{"line":26,"type":"if","locations":[{"start":{"line":26,"column":8},"end":{"line":26,"column":8}},{"start":{"line":26,"column":8},"end":{"line":26,"column":8}}]},"2":{"line":45,"type":"if","locations":[{"start":{"line":45,"column":8},"end":{"line":45,"column":8}},{"start":{"line":45,"column":8},"end":{"line":45,"column":8}}]}}}}